<?xml version="1.0" encoding="UTF-8"?>
<!-- Generated by org.testng.reporters.JUnitReportReporter -->
<testsuite hostname="GVijaySankar" failures="0" tests="1" name="TestAutomation.suite.TrialOrderplacementValidationTest" time="57.714" errors="0" timestamp="14 Apr 2024 07:35:55 GMT">
  <testcase classname="TestAutomation.suite.TrialOrderplacementValidationTest" name="OrderPlacmentValidation" time="57.714"/>
</testsuite> <!-- TestAutomation.suite.TrialOrderplacementValidationTest -->
