<?xml version="1.0" encoding="UTF-8"?>
<!-- Generated by org.testng.reporters.JUnitReportReporter -->
<testsuite hostname="GVijaySankar" failures="0" tests="1" name="TestAutomation.suite.StudentCompleteTest" time="1777.486" errors="0" timestamp="5 May 2024 17:30:12 GMT">
  <testcase classname="TestAutomation.suite.StudentCompleteTest" name="verifystudentDetailworkFlows" time="1777.486"/>
</testsuite> <!-- TestAutomation.suite.StudentCompleteTest -->
